<?xml version="1.0" encoding="utf-8"?><testsuites><testsuite name="pytest" errors="2" failures="0" skipped="0" tests="2" time="49.244" timestamp="2023-10-12T09:55:23.237420" hostname="admins-MacBook-Pro.local"><testcase classname="" name="tests.tests" time="0.000"><error message="collection failure">../../roxy_env/lib/python3.11/site-packages/_pytest/runner.py:341: in from_call
    result: Optional[TResult] = func()
../../roxy_env/lib/python3.11/site-packages/_pytest/runner.py:372: in &lt;lambda&gt;
    call = CallInfo.from_call(lambda: list(collector.collect()), "collect")
../../roxy_env/lib/python3.11/site-packages/_pytest/doctest.py:567: in collect
    module = import_path(
../../roxy_env/lib/python3.11/site-packages/_pytest/pathlib.py:567: in import_path
    importlib.import_module(module_name)
/opt/homebrew/Cellar/python@3.11/3.11.4_1/Frameworks/Python.framework/Versions/3.11/lib/python3.11/importlib/__init__.py:126: in import_module
    return _bootstrap._gcd_import(name[level:], package, level)
&lt;frozen importlib._bootstrap&gt;:1204: in _gcd_import
    ???
&lt;frozen importlib._bootstrap&gt;:1176: in _find_and_load
    ???
&lt;frozen importlib._bootstrap&gt;:1147: in _find_and_load_unlocked
    ???
&lt;frozen importlib._bootstrap&gt;:690: in _load_unlocked
    ???
../../roxy_env/lib/python3.11/site-packages/_pytest/assertion/rewrite.py:178: in exec_module
    exec(co, module.__dict__)
tests.py:92: in &lt;module&gt;
    example_gmm()
tests.py:79: in example_gmm
    samples = reg.mcmc(param_names, xobs, yobs, [xerr, yerr], nwarm, nsamp,
../roxy/regressor.py:645: in mcmc
    sampler.run(rng_key_)
../../roxy_env/lib/python3.11/site-packages/numpyro/infer/mcmc.py:634: in run
    states_flat, last_state = partial_map_fn(map_args)
../../roxy_env/lib/python3.11/site-packages/numpyro/infer/mcmc.py:440: in _single_chain_mcmc
    collect_vals = fori_collect(
../../roxy_env/lib/python3.11/site-packages/numpyro/util.py:367: in fori_collect
    vals = jit(_body_fn)(i, vals)
../../roxy_env/lib/python3.11/site-packages/jax/_src/pjit.py:256: in cache_miss
    outs, out_flat, out_tree, args_flat, jaxpr = _python_pjit_helper(
../../roxy_env/lib/python3.11/site-packages/jax/_src/pjit.py:167: in _python_pjit_helper
    out_flat = pjit_p.bind(*args_flat, **params)
../../roxy_env/lib/python3.11/site-packages/jax/_src/core.py:2657: in bind
    return self.bind_with_trace(top_trace, args, params)
../../roxy_env/lib/python3.11/site-packages/jax/_src/core.py:389: in bind_with_trace
    out = trace.process_primitive(self, map(trace.full_raise, args), params)
../../roxy_env/lib/python3.11/site-packages/jax/_src/core.py:869: in process_primitive
    return primitive.impl(*tracers, **params)
../../roxy_env/lib/python3.11/site-packages/jax/_src/pjit.py:1212: in _pjit_call_impl
    return xc._xla.pjit(name, f, call_impl_cache_miss, [], [], donated_argnums,
../../roxy_env/lib/python3.11/site-packages/jax/_src/pjit.py:1196: in call_impl_cache_miss
    out_flat, compiled = _pjit_call_impl_python(
../../roxy_env/lib/python3.11/site-packages/jax/_src/pjit.py:1132: in _pjit_call_impl_python
    lowering_parameters=mlir.LoweringParameters()).compile()
../../roxy_env/lib/python3.11/site-packages/jax/_src/interpreters/pxla.py:2276: in compile
    executable = UnloadedMeshExecutable.from_hlo(
../../roxy_env/lib/python3.11/site-packages/jax/_src/interpreters/pxla.py:2624: in from_hlo
    xla_executable, compile_options = _cached_compilation(
../../roxy_env/lib/python3.11/site-packages/jax/_src/interpreters/pxla.py:2531: in _cached_compilation
    xla_executable = compiler.compile_or_get_cached(
../../roxy_env/lib/python3.11/site-packages/jax/_src/compiler.py:294: in compile_or_get_cached
    return backend_compile(backend, computation, compile_options,
../../roxy_env/lib/python3.11/site-packages/jax/_src/profiler.py:314: in wrapper
    return func(*args, **kwargs)
../../roxy_env/lib/python3.11/site-packages/jax/_src/compiler.py:256: in backend_compile
    return backend.compile(built_c, compile_options=options)
E   KeyboardInterrupt</error><error message="collection failure">../../roxy_env/lib/python3.11/site-packages/_pytest/runner.py:341: in from_call
    result: Optional[TResult] = func()
../../roxy_env/lib/python3.11/site-packages/_pytest/runner.py:372: in &lt;lambda&gt;
    call = CallInfo.from_call(lambda: list(collector.collect()), "collect")
../../roxy_env/lib/python3.11/site-packages/_pytest/python.py:531: in collect
    self._inject_setup_module_fixture()
../../roxy_env/lib/python3.11/site-packages/_pytest/python.py:545: in _inject_setup_module_fixture
    self.obj, ("setUpModule", "setup_module")
../../roxy_env/lib/python3.11/site-packages/_pytest/python.py:310: in obj
    self._obj = obj = self._getobj()
../../roxy_env/lib/python3.11/site-packages/_pytest/python.py:528: in _getobj
    return self._importtestmodule()
../../roxy_env/lib/python3.11/site-packages/_pytest/python.py:617: in _importtestmodule
    mod = import_path(self.path, mode=importmode, root=self.config.rootpath)
../../roxy_env/lib/python3.11/site-packages/_pytest/pathlib.py:567: in import_path
    importlib.import_module(module_name)
/opt/homebrew/Cellar/python@3.11/3.11.4_1/Frameworks/Python.framework/Versions/3.11/lib/python3.11/importlib/__init__.py:126: in import_module
    return _bootstrap._gcd_import(name[level:], package, level)
&lt;frozen importlib._bootstrap&gt;:1204: in _gcd_import
    ???
&lt;frozen importlib._bootstrap&gt;:1176: in _find_and_load
    ???
&lt;frozen importlib._bootstrap&gt;:1147: in _find_and_load_unlocked
    ???
&lt;frozen importlib._bootstrap&gt;:690: in _load_unlocked
    ???
../../roxy_env/lib/python3.11/site-packages/_pytest/assertion/rewrite.py:178: in exec_module
    exec(co, module.__dict__)
tests.py:91: in &lt;module&gt;
    example_standard()
tests.py:36: in example_standard
    roxy.plotting.posterior_predictive_plot(reg, samples, xobs, yobs, xerr, yerr,
../roxy/plotting.py:209: in posterior_predictive_plot
    cbar = plot_contours(f, x, all_samples, ax, **fgivenx_kwargs)
../../roxy_env/lib/python3.11/site-packages/fgivenx/drivers.py:122: in plot_contours
    y, pmf = compute_pmf(f, x, samples, weights=weights, logZ=logZ,
../../roxy_env/lib/python3.11/site-packages/fgivenx/drivers.py:447: in compute_pmf
    return y, fgivenx.mass.compute_pmf(fsamps, y, parallel=parallel,
../../roxy_env/lib/python3.11/site-packages/fgivenx/mass.py:154: in compute_pmf
    masses = parallel_apply(PMF, fsamps, postcurry=(y,), parallel=parallel,
../../roxy_env/lib/python3.11/site-packages/fgivenx/parallel.py:77: in parallel_apply
    return [f(*(precurry + (x,) + postcurry)) for x in
../../roxy_env/lib/python3.11/site-packages/fgivenx/parallel.py:77: in &lt;listcomp&gt;
    return [f(*(precurry + (x,) + postcurry)) for x in
../../roxy_env/lib/python3.11/site-packages/fgivenx/mass.py:105: in PMF
    stops = [scipy.optimize.brentq(lambda u: kernel(u)-p,
../../roxy_env/lib/python3.11/site-packages/fgivenx/mass.py:105: in &lt;listcomp&gt;
    stops = [scipy.optimize.brentq(lambda u: kernel(u)-p,
../../roxy_env/lib/python3.11/site-packages/scipy/optimize/_zeros_py.py:802: in brentq
    r = _zeros._brentq(f, a, b, xtol, rtol, maxiter, args, full_output, disp)
../../roxy_env/lib/python3.11/site-packages/scipy/optimize/_zeros_py.py:90: in f_raise
    fx = f(x, *args)
../../roxy_env/lib/python3.11/site-packages/fgivenx/mass.py:105: in &lt;lambda&gt;
    stops = [scipy.optimize.brentq(lambda u: kernel(u)-p,
../../roxy_env/lib/python3.11/site-packages/scipy/stats/_kde.py:268: in evaluate
    result = gaussian_kernel_estimate[spec](
E   KeyboardInterrupt</error></testcase></testsuite></testsuites>